This is pdfTeX, Version 3.14159265-2.6-1.40.20 (MiKTeX 2.9.7050 64-bit) (preloaded format=pdflatex 2019.6.16)  23 DEC 2019 23:28
entering extended mode
**./luca.brena.tex
(luca.brena.tex
LaTeX2e <2018-12-01>
("C:\Program Files\MiKTeX 2.9\tex/latex/base\article.cls"
Document Class: article 2018/09/03 v1.4i Standard LaTeX document class
("C:\Program Files\MiKTeX 2.9\tex/latex/base\size10.clo"
File: size10.clo 2018/09/03 v1.4i Standard LaTeX file (size option)
)
\c@part=\count80
\c@section=\count81
\c@subsection=\count82
\c@subsubsection=\count83
\c@paragraph=\count84
\c@subparagraph=\count85
\c@figure=\count86
\c@table=\count87
\abovecaptionskip=\skip41
\belowcaptionskip=\skip42
\bibindent=\dimen102
)
("C:\Program Files\MiKTeX 2.9\tex/latex/base\inputenc.sty"
Package: inputenc 2018/08/11 v1.3c Input encoding file
\inpenc@prehook=\toks14
\inpenc@posthook=\toks15
)
("C:\Program Files\MiKTeX 2.9\tex/latex/natbib\natbib.sty"
Package: natbib 2010/09/13 8.31b (PWD, AO)
\bibhang=\skip43
\bibsep=\skip44
LaTeX Info: Redefining \cite on input line 694.
\c@NAT@ctr=\count88
)
("C:\Program Files\MiKTeX 2.9\tex/latex/graphics\graphicx.sty"
Package: graphicx 2017/06/01 v1.1a Enhanced LaTeX Graphics (DPC,SPQR)

("C:\Program Files\MiKTeX 2.9\tex/latex/graphics\keyval.sty"
Package: keyval 2014/10/28 v1.15 key=value parser (DPC)
\KV@toks@=\toks16
)
("C:\Program Files\MiKTeX 2.9\tex/latex/graphics\graphics.sty"
Package: graphics 2017/06/25 v1.2c Standard LaTeX Graphics (DPC,SPQR)

("C:\Program Files\MiKTeX 2.9\tex/latex/graphics\trig.sty"
Package: trig 2016/01/03 v1.10 sin cos tan (DPC)
)
("C:\Program Files\MiKTeX 2.9\tex/latex/graphics-cfg\graphics.cfg"
File: graphics.cfg 2016/06/04 v1.11 sample graphics configuration
)
Package graphics Info: Driver file: pdftex.def on input line 99.

("C:\Program Files\MiKTeX 2.9\tex/latex/graphics-def\pdftex.def"
File: pdftex.def 2018/01/08 v1.0l Graphics/color driver for pdftex
))
\Gin@req@height=\dimen103
\Gin@req@width=\dimen104
)
("C:\Program Files\MiKTeX 2.9\tex/latex/amsmath\amsmath.sty"
Package: amsmath 2018/12/01 v2.17b AMS math features
\@mathmargin=\skip45

For additional information on amsmath, use the `?' option.
("C:\Program Files\MiKTeX 2.9\tex/latex/amsmath\amstext.sty"
Package: amstext 2000/06/29 v2.01 AMS text

("C:\Program Files\MiKTeX 2.9\tex/latex/amsmath\amsgen.sty"
File: amsgen.sty 1999/11/30 v2.0 generic functions
\@emptytoks=\toks17
\ex@=\dimen105
))
("C:\Program Files\MiKTeX 2.9\tex/latex/amsmath\amsbsy.sty"
Package: amsbsy 1999/11/29 v1.2d Bold Symbols
\pmbraise@=\dimen106
)
("C:\Program Files\MiKTeX 2.9\tex/latex/amsmath\amsopn.sty"
Package: amsopn 2016/03/08 v2.02 operator names
)
\inf@bad=\count89
LaTeX Info: Redefining \frac on input line 223.
\uproot@=\count90
\leftroot@=\count91
LaTeX Info: Redefining \overline on input line 385.
\classnum@=\count92
\DOTSCASE@=\count93
LaTeX Info: Redefining \ldots on input line 482.
LaTeX Info: Redefining \dots on input line 485.
LaTeX Info: Redefining \cdots on input line 606.
\Mathstrutbox@=\box27
\strutbox@=\box28
\big@size=\dimen107
LaTeX Font Info:    Redeclaring font encoding OML on input line 729.
LaTeX Font Info:    Redeclaring font encoding OMS on input line 730.
\macc@depth=\count94
\c@MaxMatrixCols=\count95
\dotsspace@=\muskip10
\c@parentequation=\count96
\dspbrk@lvl=\count97
\tag@help=\toks18
\row@=\count98
\column@=\count99
\maxfields@=\count100
\andhelp@=\toks19
\eqnshift@=\dimen108
\alignsep@=\dimen109
\tagshift@=\dimen110
\tagwidth@=\dimen111
\totwidth@=\dimen112
\lineht@=\dimen113
\@envbody=\toks20
\multlinegap=\skip46
\multlinetaggap=\skip47
\mathdisplay@stack=\toks21
LaTeX Info: Redefining \[ on input line 2844.
LaTeX Info: Redefining \] on input line 2845.
)
("C:\Program Files\MiKTeX 2.9\tex/latex/enumitem\enumitem.sty"
Package: enumitem 2019/06/20 v3.9 Customized lists
\labelindent=\skip48
\enit@outerparindent=\dimen114
\enit@toks=\toks22
\enit@inbox=\box29
\enit@count@id=\count101
\enitdp@description=\count102
)
("C:\Program Files\MiKTeX 2.9\tex/latex/caption\subcaption.sty"
Package: subcaption 2018/05/01 v1.1-162 Sub-captions (AR)

("C:\Program Files\MiKTeX 2.9\tex/latex/caption\caption.sty"
Package: caption 2018/10/06 v3.3-154 Customizing captions (AR)

("C:\Program Files\MiKTeX 2.9\tex/latex/caption\caption3.sty"
Package: caption3 2018/09/12 v1.8c caption3 kernel (AR)
Package caption3 Info: TeX engine: e-TeX on input line 64.
\captionmargin=\dimen115
\captionmargin@=\dimen116
\captionwidth=\dimen117
\caption@tempdima=\dimen118
\caption@indent=\dimen119
\caption@parindent=\dimen120
\caption@hangindent=\dimen121
)
\c@caption@flags=\count103
\c@ContinuedFloat=\count104
)
\c@subfigure=\count105
\c@subtable=\count106
)
(luca.brena.aux)
\openout1 = `luca.brena.aux'.

LaTeX Font Info:    Checking defaults for OML/cmm/m/it on input line 15.
LaTeX Font Info:    ... okay on input line 15.
LaTeX Font Info:    Checking defaults for T1/cmr/m/n on input line 15.
LaTeX Font Info:    ... okay on input line 15.
LaTeX Font Info:    Checking defaults for OT1/cmr/m/n on input line 15.
LaTeX Font Info:    ... okay on input line 15.
LaTeX Font Info:    Checking defaults for OMS/cmsy/m/n on input line 15.
LaTeX Font Info:    ... okay on input line 15.
LaTeX Font Info:    Checking defaults for OMX/cmex/m/n on input line 15.
LaTeX Font Info:    ... okay on input line 15.
LaTeX Font Info:    Checking defaults for U/cmr/m/n on input line 15.
LaTeX Font Info:    ... okay on input line 15.

("C:\Program Files\MiKTeX 2.9\tex/context/base/mkii\supp-pdf.mkii"
[Loading MPS to PDF converter (version 2006.09.02).]
\scratchcounter=\count107
\scratchdimen=\dimen122
\scratchbox=\box30
\nofMPsegments=\count108
\nofMParguments=\count109
\everyMPshowfont=\toks23
\MPscratchCnt=\count110
\MPscratchDim=\dimen123
\MPnumerator=\count111
\makeMPintoPDFobject=\count112
\everyMPtoPDFconversion=\toks24
) ("C:\Program Files\MiKTeX 2.9\tex/latex/oberdiek\epstopdf-base.sty"
Package: epstopdf-base 2016/05/15 v2.6 Base part for package epstopdf

("C:\Program Files\MiKTeX 2.9\tex/generic/oberdiek\infwarerr.sty"
Package: infwarerr 2016/05/16 v1.4 Providing info/warning/error messages (HO)
)
("C:\Program Files\MiKTeX 2.9\tex/latex/oberdiek\grfext.sty"
Package: grfext 2016/05/16 v1.2 Manage graphics extensions (HO)

("C:\Program Files\MiKTeX 2.9\tex/generic/oberdiek\kvdefinekeys.sty"
Package: kvdefinekeys 2016/05/16 v1.4 Define keys (HO)

("C:\Program Files\MiKTeX 2.9\tex/generic/oberdiek\ltxcmds.sty"
Package: ltxcmds 2016/05/16 v1.23 LaTeX kernel commands for general use (HO)
)))
("C:\Program Files\MiKTeX 2.9\tex/latex/oberdiek\kvoptions.sty"
Package: kvoptions 2016/05/16 v3.12 Key value format for package options (HO)

("C:\Program Files\MiKTeX 2.9\tex/generic/oberdiek\kvsetkeys.sty"
Package: kvsetkeys 2016/05/16 v1.17 Key value parser (HO)

("C:\Program Files\MiKTeX 2.9\tex/generic/oberdiek\etexcmds.sty"
Package: etexcmds 2016/05/16 v1.6 Avoid name clashes with e-TeX commands (HO)

("C:\Program Files\MiKTeX 2.9\tex/generic/oberdiek\ifluatex.sty"
Package: ifluatex 2016/05/16 v1.4 Provides the ifluatex switch (HO)
Package ifluatex Info: LuaTeX not detected.
))))
("C:\Program Files\MiKTeX 2.9\tex/generic/oberdiek\pdftexcmds.sty"
Package: pdftexcmds 2018/09/10 v0.29 Utility functions of pdfTeX for LuaTeX (HO
)

("C:\Program Files\MiKTeX 2.9\tex/generic/oberdiek\ifpdf.sty"
Package: ifpdf 2018/09/07 v3.3 Provides the ifpdf switch
)
Package pdftexcmds Info: LuaTeX not detected.
Package pdftexcmds Info: \pdf@primitive is available.
Package pdftexcmds Info: \pdf@ifprimitive is available.
Package pdftexcmds Info: \pdfdraftmode found.
)
Package epstopdf-base Info: Redefining graphics rule for `.eps' on input line 4
38.
Package grfext Info: Graphics extension search list:
(grfext)             [.pdf,.png,.jpg,.mps,.jpeg,.jbig2,.jb2,.PDF,.PNG,.JPG,.JPE
G,.JBIG2,.JB2,.eps]
(grfext)             \AppendGraphicsExtensions on input line 456.
)
Package caption Info: Begin \AtBeginDocument code.
Package caption Info: End \AtBeginDocument code.
<./images/sphere_contour.PNG, id=1, 424.58624pt x 327.47343pt>
File: ./images/sphere_contour.PNG Graphic file (type png)
<use ./images/sphere_contour.PNG>
Package pdftex.def Info: ./images/sphere_contour.PNG  used on input line 25.
(pdftex.def)             Requested size: 155.24803pt x 142.26491pt.
<./images/rastrigin_contour.PNG, id=3, 426.84468pt x 332.74312pt>
File: ./images/rastrigin_contour.PNG Graphic file (type png)
<use ./images/rastrigin_contour.PNG>
Package pdftex.def Info: ./images/rastrigin_contour.PNG  used on input line 30.

(pdftex.def)             Requested size: 155.25316pt x 142.26439pt.

Overfull \hbox (2.22221pt too wide) in paragraph at lines 24--34
[]$[]$ $[]$ 
 []

<./images/sphere_dots.PNG, id=4, 431.36156pt x 346.29375pt>
File: ./images/sphere_dots.PNG Graphic file (type png)
<use ./images/sphere_dots.PNG>
Package pdftex.def Info: ./images/sphere_dots.PNG  used on input line 42.
(pdftex.def)             Requested size: 155.24396pt x 142.26668pt.
<./images/rastrigin_dots.PNG, id=5, 452.4403pt x 347.04657pt>
File: ./images/rastrigin_dots.PNG Graphic file (type png)
<use ./images/rastrigin_dots.PNG>
Package pdftex.def Info: ./images/rastrigin_dots.PNG  used on input line 47.
(pdftex.def)             Requested size: 155.24292pt x 142.26883pt.

Overfull \hbox (2.22221pt too wide) in paragraph at lines 41--51
[]$[]$ $[]$ 
 []


LaTeX Warning: `h' float specifier changed to `ht'.


Underfull \hbox (badness 10000) in paragraph at lines 58--59

 []

[1

{C:/Users/luca/AppData/Local/MiKTeX/2.9/pdftex/config/pdftex.map} <./images/sph
ere_contour.PNG> <./images/rastrigin_contour.PNG>]
Overfull \hbox (46.43304pt too wide) in paragraph at lines 61--76
[][] 
 []


Overfull \hbox (46.43304pt too wide) in paragraph at lines 80--95
[][] 
 []


LaTeX Warning: `h' float specifier changed to `ht'.


Overfull \hbox (46.43304pt too wide) in paragraph at lines 99--114
[][] 
 []


LaTeX Warning: `h' float specifier changed to `ht'.


Overfull \hbox (46.43304pt too wide) in paragraph at lines 118--133
[][] 
 []


LaTeX Warning: `h' float specifier changed to `ht'.

<./images/CEM_d_sphere.png, id=17, 598.3956pt x 463.9734pt>
File: ./images/CEM_d_sphere.png Graphic file (type png)
<use ./images/CEM_d_sphere.png>
Package pdftex.def Info: ./images/CEM_d_sphere.png  used on input line 138.
(pdftex.def)             Requested size: 345.0pt x 267.50475pt.
<./images/CEM_d_rastrigin.png, id=18, 535.5207pt x 445.9059pt>
File: ./images/CEM_d_rastrigin.png Graphic file (type png)
<use ./images/CEM_d_rastrigin.png>
Package pdftex.def Info: ./images/CEM_d_rastrigin.png  used on input line 145.
(pdftex.def)             Requested size: 345.0pt x 287.27711pt.

Underfull \hbox (badness 10000) in paragraph at lines 151--152

 []


Underfull \hbox (badness 10000) in paragraph at lines 151--152

 []

[2 <./images/sphere_dots.PNG> <./images/rastrigin_dots.PNG>] [3 <./images/CEM_d
_sphere.png>] [4 <./images/CEM_d_rastrigin.png>]
Overfull \hbox (46.43304pt too wide) in paragraph at lines 154--169
[][] 
 []


LaTeX Warning: `h' float specifier changed to `ht'.


Overfull \hbox (46.43304pt too wide) in paragraph at lines 174--189
[][] 
 []


LaTeX Warning: `h' float specifier changed to `ht'.


Overfull \hbox (46.43304pt too wide) in paragraph at lines 194--209
[][] 
 []


LaTeX Warning: `h' float specifier changed to `ht'.


Overfull \hbox (46.43304pt too wide) in paragraph at lines 214--229
[][] 
 []


LaTeX Warning: `h' float specifier changed to `ht'.

<./images/NES_d_sphere.png, id=33, 574.5465pt x 458.1918pt>
File: ./images/NES_d_sphere.png Graphic file (type png)
<use ./images/NES_d_sphere.png>
Package pdftex.def Info: ./images/NES_d_sphere.png  used on input line 234.
(pdftex.def)             Requested size: 345.0pt x 275.13394pt.

Overfull \hbox (10.27452pt too wide) in paragraph at lines 240--240
[]\OT1/cmr/bx/n/14.4 Covariance Ma-trix Adap-ta-tion Evo-lu-tion Strat-
 []


Underfull \hbox (badness 10000) in paragraph at lines 241--242

 []


Overfull \hbox (46.43304pt too wide) in paragraph at lines 244--259
[][] 
 []


LaTeX Warning: `h' float specifier changed to `ht'.


Overfull \hbox (46.43304pt too wide) in paragraph at lines 263--278
[][] 
 []


LaTeX Warning: `h' float specifier changed to `ht'.


Overfull \hbox (46.43304pt too wide) in paragraph at lines 283--298
[][] 
 []


LaTeX Warning: `h' float specifier changed to `ht'.


Overfull \hbox (46.43304pt too wide) in paragraph at lines 302--317
[][] 
 []


LaTeX Warning: `h' float specifier changed to `ht'.

<./images/CMA_d_sphere.png, id=34, 462.528pt x 346.896pt>
File: ./images/CMA_d_sphere.png Graphic file (type png)
<use ./images/CMA_d_sphere.png>
Package pdftex.def Info: ./images/CMA_d_sphere.png  used on input line 322.
(pdftex.def)             Requested size: 345.0pt x 258.76335pt.
<./images/CMA_d_rastrigin.png, id=35, 630.9171pt x 442.2924pt>
File: ./images/CMA_d_rastrigin.png Graphic file (type png)
<use ./images/CMA_d_rastrigin.png>
Package pdftex.def Info: ./images/CMA_d_rastrigin.png  used on input line 329.
(pdftex.def)             Requested size: 345.0pt x 241.85782pt.
[5] [6 <./images/NES_d_sphere.png>] [7 <./images/CMA_d_sphere.png>] [8 <./image
s/CMA_d_rastrigin.png>] [9] [10] [11] (luca.brena.aux) ) 
Here is how much of TeX's memory you used:
 3946 strings out of 492895
 59427 string characters out of 3133482
 175466 words of memory out of 3000000
 7823 multiletter control sequences out of 15000+200000
 9053 words of font info for 33 fonts, out of 3000000 for 9000
 1141 hyphenation exceptions out of 8191
 42i,9n,40p,821b,433s stack positions out of 5000i,500n,10000p,200000b,50000s
<C:/Program Files/MiKTe
X 2.9/fonts/type1/public/amsfonts/cm/cmbx12.pfb><C:/Program Files/MiKTeX 2.9/fo
nts/type1/public/amsfonts/cm/cmr10.pfb><C:/Program Files/MiKTeX 2.9/fonts/type1
/public/amsfonts/cm/cmr12.pfb><C:/Program Files/MiKTeX 2.9/fonts/type1/public/a
msfonts/cm/cmr17.pfb><C:/Program Files/MiKTeX 2.9/fonts/type1/public/amsfonts/c
m/cmr9.pfb><C:/Program Files/MiKTeX 2.9/fonts/type1/public/amsfonts/cm/cmti10.p
fb>
Output written on luca.brena.pdf (11 pages, 377553 bytes).
PDF statistics:
 81 PDF objects out of 1000 (max. 8388607)
 0 named destinations out of 1000 (max. 500000)
 46 words of extra memory for PDF output out of 10000 (max. 10000000)

